INFO main top.macaulish.pls.TestWhaterer - Hello world!
 ERROR main top.macaulish.pls.kits.SFTPKits - fail to connect to sftp
 com.jcraft.jsch.JSchException: Auth fail
	at com.jcraft.jsch.Session.connect(Session.java:519)
	at com.jcraft.jsch.Session.connect(Session.java:183)
	at top.macaulish.pls.kits.SFTPKits.login(SFTPKits.kt:41)
	at top.macaulish.pls.TestSFTPKits.testLogin(TestSFTPKits.kt:22)
	at sun.reflect.NativeMethodAccessorImpl.invoke0(Native Method)
	at sun.reflect.NativeMethodAccessorImpl.invoke(NativeMethodAccessorImpl.java:62)
	at sun.reflect.DelegatingMethodAccessorImpl.invoke(DelegatingMethodAccessorImpl.java:43)
	at java.lang.reflect.Method.invoke(Method.java:498)
	at org.junit.runners.model.FrameworkMethod$1.runReflectiveCall(FrameworkMethod.java:50)
	at org.junit.internal.runners.model.ReflectiveCallable.run(ReflectiveCallable.java:12)
	at org.junit.runners.model.FrameworkMethod.invokeExplosively(FrameworkMethod.java:47)
	at org.junit.internal.runners.statements.InvokeMethod.evaluate(InvokeMethod.java:17)
	at org.junit.runners.ParentRunner.runLeaf(ParentRunner.java:325)
	at org.junit.runners.BlockJUnit4ClassRunner.runChild(BlockJUnit4ClassRunner.java:78)
	at org.junit.runners.BlockJUnit4ClassRunner.runChild(BlockJUnit4ClassRunner.java:57)
	at org.junit.runners.ParentRunner$3.run(ParentRunner.java:290)
	at org.junit.runners.ParentRunner$1.schedule(ParentRunner.java:71)
	at org.junit.runners.ParentRunner.runChildren(ParentRunner.java:288)
	at org.junit.runners.ParentRunner.access$000(ParentRunner.java:58)
	at org.junit.runners.ParentRunner$2.evaluate(ParentRunner.java:268)
	at org.junit.runners.ParentRunner.run(ParentRunner.java:363)
	at org.junit.runner.JUnitCore.run(JUnitCore.java:137)
	at com.intellij.junit4.JUnit4IdeaTestRunner.startRunnerWithArgs(JUnit4IdeaTestRunner.java:68)
	at com.intellij.rt.execution.junit.IdeaTestRunner$Repeater.startRunnerWithArgs(IdeaTestRunner.java:47)
	at com.intellij.rt.execution.junit.JUnitStarter.prepareStreamsAndStart(JUnitStarter.java:242)
	at com.intellij.rt.execution.junit.JUnitStarter.main(JUnitStarter.java:70)
ERROR main top.macaulish.pls.kits.SFTPKits - fail to connect to sftp
 com.jcraft.jsch.JSchException: Auth fail
	at com.jcraft.jsch.Session.connect(Session.java:519)
	at com.jcraft.jsch.Session.connect(Session.java:183)
	at top.macaulish.pls.kits.SFTPKits.login(SFTPKits.kt:41)
	at top.macaulish.pls.TestSFTPKits.testLogin(TestSFTPKits.kt:23)
	at sun.reflect.NativeMethodAccessorImpl.invoke0(Native Method)
	at sun.reflect.NativeMethodAccessorImpl.invoke(NativeMethodAccessorImpl.java:62)
	at sun.reflect.DelegatingMethodAccessorImpl.invoke(DelegatingMethodAccessorImpl.java:43)
	at java.lang.reflect.Method.invoke(Method.java:498)
	at org.junit.runners.model.FrameworkMethod$1.runReflectiveCall(FrameworkMethod.java:50)
	at org.junit.internal.runners.model.ReflectiveCallable.run(ReflectiveCallable.java:12)
	at org.junit.runners.model.FrameworkMethod.invokeExplosively(FrameworkMethod.java:47)
	at org.junit.internal.runners.statements.RunBefores.evaluate(RunBefores.java:24)
	at org.junit.runners.ParentRunner.runLeaf(ParentRunner.java:325)
	at org.junit.runners.BlockJUnit4ClassRunner.runChild(BlockJUnit4ClassRunner.java:78)
	at org.junit.runners.BlockJUnit4ClassRunner.runChild(BlockJUnit4ClassRunner.java:57)
	at org.junit.runners.ParentRunner$3.run(ParentRunner.java:290)
	at org.junit.runners.ParentRunner$1.schedule(ParentRunner.java:71)
	at org.junit.runners.ParentRunner.runChildren(ParentRunner.java:288)
	at org.junit.runners.ParentRunner.access$000(ParentRunner.java:58)
	at org.junit.runners.ParentRunner$2.evaluate(ParentRunner.java:268)
	at org.junit.runners.ParentRunner.run(ParentRunner.java:363)
	at org.junit.runner.JUnitCore.run(JUnitCore.java:137)
	at com.intellij.junit4.JUnit4IdeaTestRunner.startRunnerWithArgs(JUnit4IdeaTestRunner.java:68)
	at com.intellij.rt.execution.junit.IdeaTestRunner$Repeater.startRunnerWithArgs(IdeaTestRunner.java:47)
	at com.intellij.rt.execution.junit.JUnitStarter.prepareStreamsAndStart(JUnitStarter.java:242)
	at com.intellij.rt.execution.junit.JUnitStarter.main(JUnitStarter.java:70)
ERROR main top.macaulish.pls.kits.SFTPKits - fail to connect to sftp
 com.jcraft.jsch.JSchException: Auth fail
	at com.jcraft.jsch.Session.connect(Session.java:519)
	at com.jcraft.jsch.Session.connect(Session.java:183)
	at top.macaulish.pls.kits.SFTPKits.login(SFTPKits.kt:41)
	at top.macaulish.pls.TestSFTPKits.testLogin(TestSFTPKits.kt:24)
	at sun.reflect.NativeMethodAccessorImpl.invoke0(Native Method)
	at sun.reflect.NativeMethodAccessorImpl.invoke(NativeMethodAccessorImpl.java:62)
	at sun.reflect.DelegatingMethodAccessorImpl.invoke(DelegatingMethodAccessorImpl.java:43)
	at java.lang.reflect.Method.invoke(Method.java:498)
	at org.junit.runners.model.FrameworkMethod$1.runReflectiveCall(FrameworkMethod.java:50)
	at org.junit.internal.runners.model.ReflectiveCallable.run(ReflectiveCallable.java:12)
	at org.junit.runners.model.FrameworkMethod.invokeExplosively(FrameworkMethod.java:47)
	at org.junit.internal.runners.statements.RunBefores.evaluate(RunBefores.java:24)
	at org.junit.runners.ParentRunner.runLeaf(ParentRunner.java:325)
	at org.junit.runners.BlockJUnit4ClassRunner.runChild(BlockJUnit4ClassRunner.java:78)
	at org.junit.runners.BlockJUnit4ClassRunner.runChild(BlockJUnit4ClassRunner.java:57)
	at org.junit.runners.ParentRunner$3.run(ParentRunner.java:290)
	at org.junit.runners.ParentRunner$1.schedule(ParentRunner.java:71)
	at org.junit.runners.ParentRunner.runChildren(ParentRunner.java:288)
	at org.junit.runners.ParentRunner.access$000(ParentRunner.java:58)
	at org.junit.runners.ParentRunner$2.evaluate(ParentRunner.java:268)
	at org.junit.runners.ParentRunner.run(ParentRunner.java:363)
	at org.junit.runner.JUnitCore.run(JUnitCore.java:137)
	at com.intellij.junit4.JUnit4IdeaTestRunner.startRunnerWithArgs(JUnit4IdeaTestRunner.java:68)
	at com.intellij.rt.execution.junit.IdeaTestRunner$Repeater.startRunnerWithArgs(IdeaTestRunner.java:47)
	at com.intellij.rt.execution.junit.JUnitStarter.prepareStreamsAndStart(JUnitStarter.java:242)
	at com.intellij.rt.execution.junit.JUnitStarter.main(JUnitStarter.java:70)
ERROR main top.macaulish.pls.kits.SFTPKits - fail to connect to sftp
 com.jcraft.jsch.JSchException: Auth fail
	at com.jcraft.jsch.Session.connect(Session.java:519)
	at com.jcraft.jsch.Session.connect(Session.java:183)
	at top.macaulish.pls.kits.SFTPKits.login(SFTPKits.kt:41)
	at top.macaulish.pls.TestSFTPKits.testLogin(TestSFTPKits.kt:24)
	at sun.reflect.NativeMethodAccessorImpl.invoke0(Native Method)
	at sun.reflect.NativeMethodAccessorImpl.invoke(NativeMethodAccessorImpl.java:62)
	at sun.reflect.DelegatingMethodAccessorImpl.invoke(DelegatingMethodAccessorImpl.java:43)
	at java.lang.reflect.Method.invoke(Method.java:498)
	at org.junit.runners.model.FrameworkMethod$1.runReflectiveCall(FrameworkMethod.java:50)
	at org.junit.internal.runners.model.ReflectiveCallable.run(ReflectiveCallable.java:12)
	at org.junit.runners.model.FrameworkMethod.invokeExplosively(FrameworkMethod.java:47)
	at org.junit.internal.runners.statements.RunBefores.evaluate(RunBefores.java:24)
	at org.junit.runners.ParentRunner.runLeaf(ParentRunner.java:325)
	at org.junit.runners.BlockJUnit4ClassRunner.runChild(BlockJUnit4ClassRunner.java:78)
	at org.junit.runners.BlockJUnit4ClassRunner.runChild(BlockJUnit4ClassRunner.java:57)
	at org.junit.runners.ParentRunner$3.run(ParentRunner.java:290)
	at org.junit.runners.ParentRunner$1.schedule(ParentRunner.java:71)
	at org.junit.runners.ParentRunner.runChildren(ParentRunner.java:288)
	at org.junit.runners.ParentRunner.access$000(ParentRunner.java:58)
	at org.junit.runners.ParentRunner$2.evaluate(ParentRunner.java:268)
	at org.junit.runners.ParentRunner.run(ParentRunner.java:363)
	at org.junit.runner.JUnitCore.run(JUnitCore.java:137)
	at com.intellij.junit4.JUnit4IdeaTestRunner.startRunnerWithArgs(JUnit4IdeaTestRunner.java:68)
	at com.intellij.rt.execution.junit.IdeaTestRunner$Repeater.startRunnerWithArgs(IdeaTestRunner.java:47)
	at com.intellij.rt.execution.junit.JUnitStarter.prepareStreamsAndStart(JUnitStarter.java:242)
	at com.intellij.rt.execution.junit.JUnitStarter.main(JUnitStarter.java:70)
ERROR main top.macaulish.pls.kits.SFTPKits - fail to connect to sftp
 com.jcraft.jsch.JSchException: Auth fail
	at com.jcraft.jsch.Session.connect(Session.java:519)
	at com.jcraft.jsch.Session.connect(Session.java:183)
	at top.macaulish.pls.kits.SFTPKits.login(SFTPKits.kt:41)
	at top.macaulish.pls.TestSFTPKits.testLogin(TestSFTPKits.kt:24)
	at sun.reflect.NativeMethodAccessorImpl.invoke0(Native Method)
	at sun.reflect.NativeMethodAccessorImpl.invoke(NativeMethodAccessorImpl.java:62)
	at sun.reflect.DelegatingMethodAccessorImpl.invoke(DelegatingMethodAccessorImpl.java:43)
	at java.lang.reflect.Method.invoke(Method.java:498)
	at org.junit.runners.model.FrameworkMethod$1.runReflectiveCall(FrameworkMethod.java:50)
	at org.junit.internal.runners.model.ReflectiveCallable.run(ReflectiveCallable.java:12)
	at org.junit.runners.model.FrameworkMethod.invokeExplosively(FrameworkMethod.java:47)
	at org.junit.internal.runners.statements.RunBefores.evaluate(RunBefores.java:24)
	at org.junit.runners.ParentRunner.runLeaf(ParentRunner.java:325)
	at org.junit.runners.BlockJUnit4ClassRunner.runChild(BlockJUnit4ClassRunner.java:78)
	at org.junit.runners.BlockJUnit4ClassRunner.runChild(BlockJUnit4ClassRunner.java:57)
	at org.junit.runners.ParentRunner$3.run(ParentRunner.java:290)
	at org.junit.runners.ParentRunner$1.schedule(ParentRunner.java:71)
	at org.junit.runners.ParentRunner.runChildren(ParentRunner.java:288)
	at org.junit.runners.ParentRunner.access$000(ParentRunner.java:58)
	at org.junit.runners.ParentRunner$2.evaluate(ParentRunner.java:268)
	at org.junit.runners.ParentRunner.run(ParentRunner.java:363)
	at org.junit.runner.JUnitCore.run(JUnitCore.java:137)
	at com.intellij.junit4.JUnit4IdeaTestRunner.startRunnerWithArgs(JUnit4IdeaTestRunner.java:68)
	at com.intellij.rt.execution.junit.IdeaTestRunner$Repeater.startRunnerWithArgs(IdeaTestRunner.java:47)
	at com.intellij.rt.execution.junit.JUnitStarter.prepareStreamsAndStart(JUnitStarter.java:242)
	at com.intellij.rt.execution.junit.JUnitStarter.main(JUnitStarter.java:70)
ERROR main top.macaulish.pls.kits.SFTPKits - fail to connect to sftp
 com.jcraft.jsch.JSchException: Auth fail
	at com.jcraft.jsch.Session.connect(Session.java:519)
	at com.jcraft.jsch.Session.connect(Session.java:183)
	at top.macaulish.pls.kits.SFTPKits.login(SFTPKits.kt:42)
	at top.macaulish.pls.TestSFTPKits.testLogin(TestSFTPKits.kt:24)
	at sun.reflect.NativeMethodAccessorImpl.invoke0(Native Method)
	at sun.reflect.NativeMethodAccessorImpl.invoke(NativeMethodAccessorImpl.java:62)
	at sun.reflect.DelegatingMethodAccessorImpl.invoke(DelegatingMethodAccessorImpl.java:43)
	at java.lang.reflect.Method.invoke(Method.java:498)
	at org.junit.runners.model.FrameworkMethod$1.runReflectiveCall(FrameworkMethod.java:50)
	at org.junit.internal.runners.model.ReflectiveCallable.run(ReflectiveCallable.java:12)
	at org.junit.runners.model.FrameworkMethod.invokeExplosively(FrameworkMethod.java:47)
	at org.junit.internal.runners.statements.RunBefores.evaluate(RunBefores.java:24)
	at org.junit.runners.ParentRunner.runLeaf(ParentRunner.java:325)
	at org.junit.runners.BlockJUnit4ClassRunner.runChild(BlockJUnit4ClassRunner.java:78)
	at org.junit.runners.BlockJUnit4ClassRunner.runChild(BlockJUnit4ClassRunner.java:57)
	at org.junit.runners.ParentRunner$3.run(ParentRunner.java:290)
	at org.junit.runners.ParentRunner$1.schedule(ParentRunner.java:71)
	at org.junit.runners.ParentRunner.runChildren(ParentRunner.java:288)
	at org.junit.runners.ParentRunner.access$000(ParentRunner.java:58)
	at org.junit.runners.ParentRunner$2.evaluate(ParentRunner.java:268)
	at org.junit.runners.ParentRunner.run(ParentRunner.java:363)
	at org.junit.runner.JUnitCore.run(JUnitCore.java:137)
	at com.intellij.junit4.JUnit4IdeaTestRunner.startRunnerWithArgs(JUnit4IdeaTestRunner.java:68)
	at com.intellij.rt.execution.junit.IdeaTestRunner$Repeater.startRunnerWithArgs(IdeaTestRunner.java:47)
	at com.intellij.rt.execution.junit.JUnitStarter.prepareStreamsAndStart(JUnitStarter.java:242)
	at com.intellij.rt.execution.junit.JUnitStarter.main(JUnitStarter.java:70)
INFO main top.macaulish.pls.kits.SFTPKits - sftp session connected to 192.168.9.19:22
 INFO main top.macaulish.pls.kits.SFTPKits - opening channel
 INFO main top.macaulish.pls.kits.SFTPKits - sftp connected successfully
 INFO main top.macaulish.pls.kits.SFTPKits - sftp session connected to 192.168.9.19:22
 INFO main top.macaulish.pls.kits.SFTPKits - opening channel
 INFO main top.macaulish.pls.kits.SFTPKits - sftp connected successfully
 DEBUG main top.macaulish.pls.kits.SFTPKits - change dir to ..
 INFO main top.macaulish.pls.kits.SFTPKits - sftp session connected to 192.168.9.19:22
 INFO main top.macaulish.pls.kits.SFTPKits - opening channel
 INFO main top.macaulish.pls.kits.SFTPKits - sftp connected successfully
 DEBUG main top.macaulish.pls.kits.SFTPKits - change dir to ..
 INFO main top.macaulish.pls.kits.SFTPKits - sftp session connected to 192.168.9.19:22
 INFO main top.macaulish.pls.kits.SFTPKits - opening channel
 INFO main top.macaulish.pls.kits.SFTPKits - sftp connected successfully
 DEBUG main top.macaulish.pls.kits.SFTPKits - change dir to ..
 INFO main top.macaulish.pls.kits.SFTPKits - sftp session connected to 192.168.9.19:22
 INFO main top.macaulish.pls.kits.SFTPKits - opening channel
 INFO main top.macaulish.pls.kits.SFTPKits - sftp connected successfully
 DEBUG main top.macaulish.pls.kits.SFTPKits - change dir to ..
 INFO main top.macaulish.pls.kits.SFTPKits - sftp session connected to 192.168.9.19:22
 INFO main top.macaulish.pls.kits.SFTPKits - opening channel
 INFO main top.macaulish.pls.kits.SFTPKits - sftp connected successfully
 DEBUG main top.macaulish.pls.kits.SFTPKits - change dir to ..
 DEBUG main top.macaulish.pls.kits.SFTPKits - change dir to /home/yidong.hu/ftp
 INFO main top.macaulish.pls.kits.SFTPKits - sftp session connected to 192.168.9.19:22
 INFO main top.macaulish.pls.kits.SFTPKits - opening channel
 INFO main top.macaulish.pls.kits.SFTPKits - sftp connected successfully
 DEBUG main top.macaulish.pls.kits.SFTPKits - change dir to ..
 DEBUG main top.macaulish.pls.kits.SFTPKits - change dir to /home/yidong.hu/ftp
 DEBUG main top.macaulish.pls.kits.SFTPKits - change dir to /home/yidong.hu
 INFO main top.macaulish.pls.kits.SFTPKits - sftp session connected to 192.168.9.19:22
 INFO main top.macaulish.pls.kits.SFTPKits - opening channel
 INFO main top.macaulish.pls.kits.SFTPKits - sftp connected successfully
 DEBUG main top.macaulish.pls.kits.SFTPKits - change dir to ..
 DEBUG main top.macaulish.pls.kits.SFTPKits - change dir to /home/yidong.hu/ftp
 DEBUG main top.macaulish.pls.kits.SFTPKits - change dir to /home/yidong.hu
 ERROR main top.macaulish.pls.kits.SFTPKits - invalid path
 INFO main top.macaulish.pls.kits.SFTPKits - sftp session connected to 192.168.9.19:22
 INFO main top.macaulish.pls.kits.SFTPKits - opening channel
 INFO main top.macaulish.pls.kits.SFTPKits - sftp connected successfully
 DEBUG main top.macaulish.pls.kits.SFTPKits - change dir to ..
 DEBUG main top.macaulish.pls.kits.SFTPKits - change dir to /home/yidong.hu/ftp
 DEBUG main top.macaulish.pls.kits.SFTPKits - change dir to /home/yidong.hu
 ERROR main top.macaulish.pls.kits.SFTPKits - invalid path
 DEBUG main top.macaulish.pls.kits.SFTPKits - change dir to /home/yidong.hu/ftp
 DEBUG main top.macaulish.pls.kits.SFTPKits - change dir to /home/yidong.hu
 INFO main top.macaulish.pls.kits.SFTPKits - sftp session connected to 192.168.9.19:22
 INFO main top.macaulish.pls.kits.SFTPKits - opening channel
 INFO main top.macaulish.pls.kits.SFTPKits - sftp connected successfully
 DEBUG main top.macaulish.pls.kits.SFTPKits - change dir to ..
 DEBUG main top.macaulish.pls.kits.SFTPKits - change dir to /home/yidong.hu/ftp
 DEBUG main top.macaulish.pls.kits.SFTPKits - change dir to /home/yidong.hu
 ERROR main top.macaulish.pls.kits.SFTPKits - invalid path
 DEBUG main top.macaulish.pls.kits.SFTPKits - change dir to /home/yidong.hu/ftp
 DEBUG main top.macaulish.pls.kits.SFTPKits - upload file 123.txt to /home/yidong.hu/ftp/123.txt successfully
 DEBUG main top.macaulish.pls.kits.SFTPKits - change dir to /home/yidong.hu
 INFO main top.macaulish.pls.kits.SFTPKits - sftp session connected to 192.168.9.19:22
 INFO main top.macaulish.pls.kits.SFTPKits - opening channel
 INFO main top.macaulish.pls.kits.SFTPKits - sftp connected successfully
 DEBUG main top.macaulish.pls.kits.SFTPKits - change dir to ..
 DEBUG main top.macaulish.pls.kits.SFTPKits - change dir to /home/yidong.hu/ftp
 DEBUG main top.macaulish.pls.kits.SFTPKits - change dir to /home/yidong.hu
 ERROR main top.macaulish.pls.kits.SFTPKits - invalid path
 DEBUG main top.macaulish.pls.kits.SFTPKits - change dir to /home/yidong.hu/ftp
 DEBUG main top.macaulish.pls.kits.SFTPKits - upload file 123.txt to /home/yidong.hu/ftp/123.txt successfully
 DEBUG main top.macaulish.pls.kits.SFTPKits - change dir to /home/yidong.hu
 DEBUG main top.macaulish.pls.kits.SFTPKits - change dir to /home/yidong.hu/ftp
 DEBUG main top.macaulish.pls.kits.SFTPKits - file 123.txt successfully deleted
 INFO main top.macaulish.pls.kits.SFTPKits - sftp session connected to 192.168.9.19:22
 INFO main top.macaulish.pls.kits.SFTPKits - opening channel
 INFO main top.macaulish.pls.kits.SFTPKits - sftp connected successfully
 DEBUG main top.macaulish.pls.kits.SFTPKits - change dir to ..
 DEBUG main top.macaulish.pls.kits.SFTPKits - change dir to /home/yidong.hu/ftp
 DEBUG main top.macaulish.pls.kits.SFTPKits - change dir to /home/yidong.hu
 ERROR main top.macaulish.pls.kits.SFTPKits - invalid path
 DEBUG main top.macaulish.pls.kits.SFTPKits - change dir to /home/yidong.hu/ftp
 DEBUG main top.macaulish.pls.kits.SFTPKits - upload file 123.txt to /home/yidong.hu/ftp/123.txt successfully
 DEBUG main top.macaulish.pls.kits.SFTPKits - change dir to /home/yidong.hu
 DEBUG main top.macaulish.pls.kits.SFTPKits - change dir to /home/yidong.hu/ftp
 INFO main top.macaulish.pls.kits.SFTPKits - sftp session connected to 192.168.9.19:22
 INFO main top.macaulish.pls.kits.SFTPKits - opening channel
 INFO main top.macaulish.pls.kits.SFTPKits - sftp connected successfully
 DEBUG main top.macaulish.pls.kits.SFTPKits - change dir to ..
 DEBUG main top.macaulish.pls.kits.SFTPKits - change dir to /home/yidong.hu/ftp
 DEBUG main top.macaulish.pls.kits.SFTPKits - change dir to /home/yidong.hu
 ERROR main top.macaulish.pls.kits.SFTPKits - invalid path
 DEBUG main top.macaulish.pls.kits.SFTPKits - change dir to /home/yidong.hu/ftp
 DEBUG main top.macaulish.pls.kits.SFTPKits - upload file 123.txt to /home/yidong.hu/ftp/123.txt successfully
 DEBUG main top.macaulish.pls.kits.SFTPKits - change dir to /home/yidong.hu
 DEBUG main top.macaulish.pls.kits.SFTPKits - change dir to /home/yidong.hu/ftp
 DEBUG main top.macaulish.pls.kits.SFTPKits - file 123.txt successfully deleted
 DEBUG main top.macaulish.pls.kits.SFTPKits - file 321.txt successfully deleted
 ERROR main top.macaulish.pls.kits.SFTPKits - failed to delete file 321.txt
 2: No such file
	at com.jcraft.jsch.ChannelSftp.throwStatusError(ChannelSftp.java:2873)
	at com.jcraft.jsch.ChannelSftp.rm(ChannelSftp.java:1985)
	at top.macaulish.pls.kits.SFTPKits.rmFile(SFTPKits.kt:150)
	at top.macaulish.pls.TestSFTPKits.testCd(TestSFTPKits.kt:46)
	at sun.reflect.NativeMethodAccessorImpl.invoke0(Native Method)
	at sun.reflect.NativeMethodAccessorImpl.invoke(NativeMethodAccessorImpl.java:62)
	at sun.reflect.DelegatingMethodAccessorImpl.invoke(DelegatingMethodAccessorImpl.java:43)
	at java.lang.reflect.Method.invoke(Method.java:498)
	at org.junit.runners.model.FrameworkMethod$1.runReflectiveCall(FrameworkMethod.java:50)
	at org.junit.internal.runners.model.ReflectiveCallable.run(ReflectiveCallable.java:12)
	at org.junit.runners.model.FrameworkMethod.invokeExplosively(FrameworkMethod.java:47)
	at org.junit.internal.runners.statements.InvokeMethod.evaluate(InvokeMethod.java:17)
	at org.junit.internal.runners.statements.RunBefores.evaluate(RunBefores.java:26)
	at org.junit.runners.ParentRunner.runLeaf(ParentRunner.java:325)
	at org.junit.runners.BlockJUnit4ClassRunner.runChild(BlockJUnit4ClassRunner.java:78)
	at org.junit.runners.BlockJUnit4ClassRunner.runChild(BlockJUnit4ClassRunner.java:57)
	at org.junit.runners.ParentRunner$3.run(ParentRunner.java:290)
	at org.junit.runners.ParentRunner$1.schedule(ParentRunner.java:71)
	at org.junit.runners.ParentRunner.runChildren(ParentRunner.java:288)
	at org.junit.runners.ParentRunner.access$000(ParentRunner.java:58)
	at org.junit.runners.ParentRunner$2.evaluate(ParentRunner.java:268)
	at org.junit.runners.ParentRunner.run(ParentRunner.java:363)
	at org.junit.runner.JUnitCore.run(JUnitCore.java:137)
	at com.intellij.junit4.JUnit4IdeaTestRunner.startRunnerWithArgs(JUnit4IdeaTestRunner.java:68)
	at com.intellij.rt.execution.junit.IdeaTestRunner$Repeater.startRunnerWithArgs(IdeaTestRunner.java:47)
	at com.intellij.rt.execution.junit.JUnitStarter.prepareStreamsAndStart(JUnitStarter.java:242)
	at com.intellij.rt.execution.junit.JUnitStarter.main(JUnitStarter.java:70)
INFO main top.macaulish.pls.kits.SFTPKits - sftp session connected to 192.168.9.19:22
 INFO main top.macaulish.pls.kits.SFTPKits - opening channel
 INFO main top.macaulish.pls.kits.SFTPKits - sftp connected successfully
 DEBUG main top.macaulish.pls.kits.SFTPKits - change dir to ..
 DEBUG main top.macaulish.pls.kits.SFTPKits - change dir to /home/yidong.hu/ftp
 DEBUG main top.macaulish.pls.kits.SFTPKits - change dir to /home/yidong.hu
 ERROR main top.macaulish.pls.kits.SFTPKits - invalid path
 DEBUG main top.macaulish.pls.kits.SFTPKits - change dir to /home/yidong.hu/ftp
 DEBUG main top.macaulish.pls.kits.SFTPKits - upload file 123.txt to /home/yidong.hu/ftp/123.txt successfully
 DEBUG main top.macaulish.pls.kits.SFTPKits - change dir to /home/yidong.hu
 DEBUG main top.macaulish.pls.kits.SFTPKits - change dir to /home/yidong.hu/ftp
 INFO main top.macaulish.pls.kits.SFTPKits - sftp session connected to 192.168.9.19:22
 INFO main top.macaulish.pls.kits.SFTPKits - opening channel
 INFO main top.macaulish.pls.kits.SFTPKits - sftp connected successfully
 DEBUG main top.macaulish.pls.kits.SFTPKits - change dir to ..
 DEBUG main top.macaulish.pls.kits.SFTPKits - change dir to /home/yidong.hu/ftp
 DEBUG main top.macaulish.pls.kits.SFTPKits - change dir to /home/yidong.hu
 ERROR main top.macaulish.pls.kits.SFTPKits - invalid path
 DEBUG main top.macaulish.pls.kits.SFTPKits - change dir to /home/yidong.hu/ftp
 DEBUG main top.macaulish.pls.kits.SFTPKits - upload file 123.txt to /home/yidong.hu/ftp/123.txt successfully
 DEBUG main top.macaulish.pls.kits.SFTPKits - change dir to /home/yidong.hu
 DEBUG main top.macaulish.pls.kits.SFTPKits - change dir to /home/yidong.hu
 DEBUG main top.macaulish.pls.kits.SFTPKits - change dir to ftp
 DEBUG main top.macaulish.pls.kits.SFTPKits - file 123.txt successfully deleted
 DEBUG main top.macaulish.pls.kits.SFTPKits - change dir to ..
 DEBUG main top.macaulish.pls.kits.SFTPKits - directory ftp successfully deleted
 INFO main top.macaulish.pls.kits.SFTPKits - sftp session connected to 192.168.9.19:22
 INFO main top.macaulish.pls.kits.SFTPKits - opening channel
 INFO main top.macaulish.pls.kits.SFTPKits - sftp connected successfully
 DEBUG main top.macaulish.pls.kits.SFTPKits - change dir to ..
 ERROR main top.macaulish.pls.kits.SFTPKits - fail to change the dir
 2: No such file
	at com.jcraft.jsch.ChannelSftp.throwStatusError(ChannelSftp.java:2873)
	at com.jcraft.jsch.ChannelSftp._stat(ChannelSftp.java:2225)
	at com.jcraft.jsch.ChannelSftp.cd(ChannelSftp.java:343)
	at top.macaulish.pls.kits.SFTPKits.cd(SFTPKits.kt:78)
	at top.macaulish.pls.TestSFTPKits.testSFTPMethod(TestSFTPKits.kt:36)
	at sun.reflect.NativeMethodAccessorImpl.invoke0(Native Method)
	at sun.reflect.NativeMethodAccessorImpl.invoke(NativeMethodAccessorImpl.java:62)
	at sun.reflect.DelegatingMethodAccessorImpl.invoke(DelegatingMethodAccessorImpl.java:43)
	at java.lang.reflect.Method.invoke(Method.java:498)
	at org.junit.runners.model.FrameworkMethod$1.runReflectiveCall(FrameworkMethod.java:50)
	at org.junit.internal.runners.model.ReflectiveCallable.run(ReflectiveCallable.java:12)
	at org.junit.runners.model.FrameworkMethod.invokeExplosively(FrameworkMethod.java:47)
	at org.junit.internal.runners.statements.InvokeMethod.evaluate(InvokeMethod.java:17)
	at org.junit.internal.runners.statements.RunBefores.evaluate(RunBefores.java:26)
	at org.junit.runners.ParentRunner.runLeaf(ParentRunner.java:325)
	at org.junit.runners.BlockJUnit4ClassRunner.runChild(BlockJUnit4ClassRunner.java:78)
	at org.junit.runners.BlockJUnit4ClassRunner.runChild(BlockJUnit4ClassRunner.java:57)
	at org.junit.runners.ParentRunner$3.run(ParentRunner.java:290)
	at org.junit.runners.ParentRunner$1.schedule(ParentRunner.java:71)
	at org.junit.runners.ParentRunner.runChildren(ParentRunner.java:288)
	at org.junit.runners.ParentRunner.access$000(ParentRunner.java:58)
	at org.junit.runners.ParentRunner$2.evaluate(ParentRunner.java:268)
	at org.junit.runners.ParentRunner.run(ParentRunner.java:363)
	at org.junit.runner.JUnitCore.run(JUnitCore.java:137)
	at com.intellij.junit4.JUnit4IdeaTestRunner.startRunnerWithArgs(JUnit4IdeaTestRunner.java:68)
	at com.intellij.rt.execution.junit.IdeaTestRunner$Repeater.startRunnerWithArgs(IdeaTestRunner.java:47)
	at com.intellij.rt.execution.junit.JUnitStarter.prepareStreamsAndStart(JUnitStarter.java:242)
	at com.intellij.rt.execution.junit.JUnitStarter.main(JUnitStarter.java:70)
DEBUG main top.macaulish.pls.kits.SFTPKits - change dir to /home/yidong.hu
 ERROR main top.macaulish.pls.kits.SFTPKits - invalid path
 ERROR main top.macaulish.pls.kits.SFTPKits - fail to change the dir
 2: No such file
	at com.jcraft.jsch.ChannelSftp.throwStatusError(ChannelSftp.java:2873)
	at com.jcraft.jsch.ChannelSftp._stat(ChannelSftp.java:2225)
	at com.jcraft.jsch.ChannelSftp.cd(ChannelSftp.java:343)
	at top.macaulish.pls.kits.SFTPKits.cd(SFTPKits.kt:78)
	at top.macaulish.pls.kits.SFTPKits.upload(SFTPKits.kt:228)
	at top.macaulish.pls.TestSFTPKits.testSFTPMethod(TestSFTPKits.kt:42)
	at sun.reflect.NativeMethodAccessorImpl.invoke0(Native Method)
	at sun.reflect.NativeMethodAccessorImpl.invoke(NativeMethodAccessorImpl.java:62)
	at sun.reflect.DelegatingMethodAccessorImpl.invoke(DelegatingMethodAccessorImpl.java:43)
	at java.lang.reflect.Method.invoke(Method.java:498)
	at org.junit.runners.model.FrameworkMethod$1.runReflectiveCall(FrameworkMethod.java:50)
	at org.junit.internal.runners.model.ReflectiveCallable.run(ReflectiveCallable.java:12)
	at org.junit.runners.model.FrameworkMethod.invokeExplosively(FrameworkMethod.java:47)
	at org.junit.internal.runners.statements.InvokeMethod.evaluate(InvokeMethod.java:17)
	at org.junit.internal.runners.statements.RunBefores.evaluate(RunBefores.java:26)
	at org.junit.runners.ParentRunner.runLeaf(ParentRunner.java:325)
	at org.junit.runners.BlockJUnit4ClassRunner.runChild(BlockJUnit4ClassRunner.java:78)
	at org.junit.runners.BlockJUnit4ClassRunner.runChild(BlockJUnit4ClassRunner.java:57)
	at org.junit.runners.ParentRunner$3.run(ParentRunner.java:290)
	at org.junit.runners.ParentRunner$1.schedule(ParentRunner.java:71)
	at org.junit.runners.ParentRunner.runChildren(ParentRunner.java:288)
	at org.junit.runners.ParentRunner.access$000(ParentRunner.java:58)
	at org.junit.runners.ParentRunner$2.evaluate(ParentRunner.java:268)
	at org.junit.runners.ParentRunner.run(ParentRunner.java:363)
	at org.junit.runner.JUnitCore.run(JUnitCore.java:137)
	at com.intellij.junit4.JUnit4IdeaTestRunner.startRunnerWithArgs(JUnit4IdeaTestRunner.java:68)
	at com.intellij.rt.execution.junit.IdeaTestRunner$Repeater.startRunnerWithArgs(IdeaTestRunner.java:47)
	at com.intellij.rt.execution.junit.JUnitStarter.prepareStreamsAndStart(JUnitStarter.java:242)
	at com.intellij.rt.execution.junit.JUnitStarter.main(JUnitStarter.java:70)
DEBUG main top.macaulish.pls.kits.SFTPKits - change dir to /home/yidong.hu
 ERROR main top.macaulish.pls.kits.SFTPKits - fail to change the dir
 2: No such file
	at com.jcraft.jsch.ChannelSftp.throwStatusError(ChannelSftp.java:2873)
	at com.jcraft.jsch.ChannelSftp._stat(ChannelSftp.java:2225)
	at com.jcraft.jsch.ChannelSftp.cd(ChannelSftp.java:343)
	at top.macaulish.pls.kits.SFTPKits.cd(SFTPKits.kt:78)
	at top.macaulish.pls.kits.SFTPKits.rmDir(SFTPKits.kt:112)
	at top.macaulish.pls.TestSFTPKits.testSFTPMethod(TestSFTPKits.kt:44)
	at sun.reflect.NativeMethodAccessorImpl.invoke0(Native Method)
	at sun.reflect.NativeMethodAccessorImpl.invoke(NativeMethodAccessorImpl.java:62)
	at sun.reflect.DelegatingMethodAccessorImpl.invoke(DelegatingMethodAccessorImpl.java:43)
	at java.lang.reflect.Method.invoke(Method.java:498)
	at org.junit.runners.model.FrameworkMethod$1.runReflectiveCall(FrameworkMethod.java:50)
	at org.junit.internal.runners.model.ReflectiveCallable.run(ReflectiveCallable.java:12)
	at org.junit.runners.model.FrameworkMethod.invokeExplosively(FrameworkMethod.java:47)
	at org.junit.internal.runners.statements.InvokeMethod.evaluate(InvokeMethod.java:17)
	at org.junit.internal.runners.statements.RunBefores.evaluate(RunBefores.java:26)
	at org.junit.runners.ParentRunner.runLeaf(ParentRunner.java:325)
	at org.junit.runners.BlockJUnit4ClassRunner.runChild(BlockJUnit4ClassRunner.java:78)
	at org.junit.runners.BlockJUnit4ClassRunner.runChild(BlockJUnit4ClassRunner.java:57)
	at org.junit.runners.ParentRunner$3.run(ParentRunner.java:290)
	at org.junit.runners.ParentRunner$1.schedule(ParentRunner.java:71)
	at org.junit.runners.ParentRunner.runChildren(ParentRunner.java:288)
	at org.junit.runners.ParentRunner.access$000(ParentRunner.java:58)
	at org.junit.runners.ParentRunner$2.evaluate(ParentRunner.java:268)
	at org.junit.runners.ParentRunner.run(ParentRunner.java:363)
	at org.junit.runner.JUnitCore.run(JUnitCore.java:137)
	at com.intellij.junit4.JUnit4IdeaTestRunner.startRunnerWithArgs(JUnit4IdeaTestRunner.java:68)
	at com.intellij.rt.execution.junit.IdeaTestRunner$Repeater.startRunnerWithArgs(IdeaTestRunner.java:47)
	at com.intellij.rt.execution.junit.JUnitStarter.prepareStreamsAndStart(JUnitStarter.java:242)
	at com.intellij.rt.execution.junit.JUnitStarter.main(JUnitStarter.java:70)
DEBUG main top.macaulish.pls.kits.SFTPKits - change dir to /home
 INFO main top.macaulish.pls.kits.SFTPKits - sftp session connected to 192.168.9.19:22
 INFO main top.macaulish.pls.kits.SFTPKits - opening channel
 INFO main top.macaulish.pls.kits.SFTPKits - sftp connected successfully
 DEBUG main top.macaulish.pls.kits.SFTPKits - change dir to ..
 ERROR main top.macaulish.pls.kits.SFTPKits - fail to change the dir
 2: No such file
	at com.jcraft.jsch.ChannelSftp.throwStatusError(ChannelSftp.java:2873)
	at com.jcraft.jsch.ChannelSftp._stat(ChannelSftp.java:2225)
	at com.jcraft.jsch.ChannelSftp.cd(ChannelSftp.java:343)
	at top.macaulish.pls.kits.SFTPKits.cd(SFTPKits.kt:78)
	at top.macaulish.pls.TestSFTPKits.testSFTPMethod(TestSFTPKits.kt:36)
	at sun.reflect.NativeMethodAccessorImpl.invoke0(Native Method)
	at sun.reflect.NativeMethodAccessorImpl.invoke(NativeMethodAccessorImpl.java:62)
	at sun.reflect.DelegatingMethodAccessorImpl.invoke(DelegatingMethodAccessorImpl.java:43)
	at java.lang.reflect.Method.invoke(Method.java:498)
	at org.junit.runners.model.FrameworkMethod$1.runReflectiveCall(FrameworkMethod.java:50)
	at org.junit.internal.runners.model.ReflectiveCallable.run(ReflectiveCallable.java:12)
	at org.junit.runners.model.FrameworkMethod.invokeExplosively(FrameworkMethod.java:47)
	at org.junit.internal.runners.statements.InvokeMethod.evaluate(InvokeMethod.java:17)
	at org.junit.internal.runners.statements.RunBefores.evaluate(RunBefores.java:26)
	at org.junit.runners.ParentRunner.runLeaf(ParentRunner.java:325)
	at org.junit.runners.BlockJUnit4ClassRunner.runChild(BlockJUnit4ClassRunner.java:78)
	at org.junit.runners.BlockJUnit4ClassRunner.runChild(BlockJUnit4ClassRunner.java:57)
	at org.junit.runners.ParentRunner$3.run(ParentRunner.java:290)
	at org.junit.runners.ParentRunner$1.schedule(ParentRunner.java:71)
	at org.junit.runners.ParentRunner.runChildren(ParentRunner.java:288)
	at org.junit.runners.ParentRunner.access$000(ParentRunner.java:58)
	at org.junit.runners.ParentRunner$2.evaluate(ParentRunner.java:268)
	at org.junit.runners.ParentRunner.run(ParentRunner.java:363)
	at org.junit.runner.JUnitCore.run(JUnitCore.java:137)
	at com.intellij.junit4.JUnit4IdeaTestRunner.startRunnerWithArgs(JUnit4IdeaTestRunner.java:68)
	at com.intellij.rt.execution.junit.IdeaTestRunner$Repeater.startRunnerWithArgs(IdeaTestRunner.java:47)
	at com.intellij.rt.execution.junit.JUnitStarter.prepareStreamsAndStart(JUnitStarter.java:242)
	at com.intellij.rt.execution.junit.JUnitStarter.main(JUnitStarter.java:70)
DEBUG main top.macaulish.pls.kits.SFTPKits - change dir to /home/yidong.hu
 ERROR main top.macaulish.pls.kits.SFTPKits - invalid path
 ERROR main top.macaulish.pls.kits.SFTPKits - fail to change the dir
 2: No such file
	at com.jcraft.jsch.ChannelSftp.throwStatusError(ChannelSftp.java:2873)
	at com.jcraft.jsch.ChannelSftp._stat(ChannelSftp.java:2225)
	at com.jcraft.jsch.ChannelSftp.cd(ChannelSftp.java:343)
	at top.macaulish.pls.kits.SFTPKits.cd(SFTPKits.kt:78)
	at top.macaulish.pls.kits.SFTPKits.upload(SFTPKits.kt:228)
	at top.macaulish.pls.TestSFTPKits.testSFTPMethod(TestSFTPKits.kt:42)
	at sun.reflect.NativeMethodAccessorImpl.invoke0(Native Method)
	at sun.reflect.NativeMethodAccessorImpl.invoke(NativeMethodAccessorImpl.java:62)
	at sun.reflect.DelegatingMethodAccessorImpl.invoke(DelegatingMethodAccessorImpl.java:43)
	at java.lang.reflect.Method.invoke(Method.java:498)
	at org.junit.runners.model.FrameworkMethod$1.runReflectiveCall(FrameworkMethod.java:50)
	at org.junit.internal.runners.model.ReflectiveCallable.run(ReflectiveCallable.java:12)
	at org.junit.runners.model.FrameworkMethod.invokeExplosively(FrameworkMethod.java:47)
	at org.junit.internal.runners.statements.InvokeMethod.evaluate(InvokeMethod.java:17)
	at org.junit.internal.runners.statements.RunBefores.evaluate(RunBefores.java:26)
	at org.junit.runners.ParentRunner.runLeaf(ParentRunner.java:325)
	at org.junit.runners.BlockJUnit4ClassRunner.runChild(BlockJUnit4ClassRunner.java:78)
	at org.junit.runners.BlockJUnit4ClassRunner.runChild(BlockJUnit4ClassRunner.java:57)
	at org.junit.runners.ParentRunner$3.run(ParentRunner.java:290)
	at org.junit.runners.ParentRunner$1.schedule(ParentRunner.java:71)
	at org.junit.runners.ParentRunner.runChildren(ParentRunner.java:288)
	at org.junit.runners.ParentRunner.access$000(ParentRunner.java:58)
	at org.junit.runners.ParentRunner$2.evaluate(ParentRunner.java:268)
	at org.junit.runners.ParentRunner.run(ParentRunner.java:363)
	at org.junit.runner.JUnitCore.run(JUnitCore.java:137)
	at com.intellij.junit4.JUnit4IdeaTestRunner.startRunnerWithArgs(JUnit4IdeaTestRunner.java:68)
	at com.intellij.rt.execution.junit.IdeaTestRunner$Repeater.startRunnerWithArgs(IdeaTestRunner.java:47)
	at com.intellij.rt.execution.junit.JUnitStarter.prepareStreamsAndStart(JUnitStarter.java:242)
	at com.intellij.rt.execution.junit.JUnitStarter.main(JUnitStarter.java:70)
DEBUG main top.macaulish.pls.kits.SFTPKits - change dir to /home/yidong.hu
 ERROR main top.macaulish.pls.kits.SFTPKits - fail to change the dir
 2: No such file
	at com.jcraft.jsch.ChannelSftp.throwStatusError(ChannelSftp.java:2873)
	at com.jcraft.jsch.ChannelSftp._stat(ChannelSftp.java:2225)
	at com.jcraft.jsch.ChannelSftp.cd(ChannelSftp.java:343)
	at top.macaulish.pls.kits.SFTPKits.cd(SFTPKits.kt:78)
	at top.macaulish.pls.kits.SFTPKits.rmDir(SFTPKits.kt:112)
	at top.macaulish.pls.TestSFTPKits.testSFTPMethod(TestSFTPKits.kt:44)
	at sun.reflect.NativeMethodAccessorImpl.invoke0(Native Method)
	at sun.reflect.NativeMethodAccessorImpl.invoke(NativeMethodAccessorImpl.java:62)
	at sun.reflect.DelegatingMethodAccessorImpl.invoke(DelegatingMethodAccessorImpl.java:43)
	at java.lang.reflect.Method.invoke(Method.java:498)
	at org.junit.runners.model.FrameworkMethod$1.runReflectiveCall(FrameworkMethod.java:50)
	at org.junit.internal.runners.model.ReflectiveCallable.run(ReflectiveCallable.java:12)
	at org.junit.runners.model.FrameworkMethod.invokeExplosively(FrameworkMethod.java:47)
	at org.junit.internal.runners.statements.InvokeMethod.evaluate(InvokeMethod.java:17)
	at org.junit.internal.runners.statements.RunBefores.evaluate(RunBefores.java:26)
	at org.junit.runners.ParentRunner.runLeaf(ParentRunner.java:325)
	at org.junit.runners.BlockJUnit4ClassRunner.runChild(BlockJUnit4ClassRunner.java:78)
	at org.junit.runners.BlockJUnit4ClassRunner.runChild(BlockJUnit4ClassRunner.java:57)
	at org.junit.runners.ParentRunner$3.run(ParentRunner.java:290)
	at org.junit.runners.ParentRunner$1.schedule(ParentRunner.java:71)
	at org.junit.runners.ParentRunner.runChildren(ParentRunner.java:288)
	at org.junit.runners.ParentRunner.access$000(ParentRunner.java:58)
	at org.junit.runners.ParentRunner$2.evaluate(ParentRunner.java:268)
	at org.junit.runners.ParentRunner.run(ParentRunner.java:363)
	at org.junit.runner.JUnitCore.run(JUnitCore.java:137)
	at com.intellij.junit4.JUnit4IdeaTestRunner.startRunnerWithArgs(JUnit4IdeaTestRunner.java:68)
	at com.intellij.rt.execution.junit.IdeaTestRunner$Repeater.startRunnerWithArgs(IdeaTestRunner.java:47)
	at com.intellij.rt.execution.junit.JUnitStarter.prepareStreamsAndStart(JUnitStarter.java:242)
	at com.intellij.rt.execution.junit.JUnitStarter.main(JUnitStarter.java:70)
DEBUG main top.macaulish.pls.kits.SFTPKits - change dir to /
 INFO main top.macaulish.pls.kits.SFTPKits - sftp session connected to 192.168.9.19:22
 INFO main top.macaulish.pls.kits.SFTPKits - opening channel
 INFO main top.macaulish.pls.kits.SFTPKits - sftp connected successfully
 DEBUG main top.macaulish.pls.kits.SFTPKits - change dir to /home/yidong.hu
 DEBUG main top.macaulish.pls.kits.SFTPKits - directory successfully created,dir=sftp
 DEBUG main top.macaulish.pls.kits.SFTPKits - change dir to sftp
 DEBUG main top.macaulish.pls.kits.SFTPKits - change dir to /home/yidong.hu/sftp
 ERROR main top.macaulish.pls.kits.SFTPKits - fail to upload file 321.txt
 4: java.io.FileNotFoundException: F:\Git Repository\pls\pls\2018\10\01 01:33:23 (文件名、目录名或卷标语法不正确。)
	at com.jcraft.jsch.ChannelSftp.put(ChannelSftp.java:487)
	at com.jcraft.jsch.ChannelSftp.put(ChannelSftp.java:368)
	at top.macaulish.pls.kits.SFTPKits.upload(SFTPKits.kt:253)
	at top.macaulish.pls.TestSFTPKits.testUploadAndDownload(TestSFTPKits.kt:57)
	at sun.reflect.NativeMethodAccessorImpl.invoke0(Native Method)
	at sun.reflect.NativeMethodAccessorImpl.invoke(NativeMethodAccessorImpl.java:62)
	at sun.reflect.DelegatingMethodAccessorImpl.invoke(DelegatingMethodAccessorImpl.java:43)
	at java.lang.reflect.Method.invoke(Method.java:498)
	at org.junit.runners.model.FrameworkMethod$1.runReflectiveCall(FrameworkMethod.java:50)
	at org.junit.internal.runners.model.ReflectiveCallable.run(ReflectiveCallable.java:12)
	at org.junit.runners.model.FrameworkMethod.invokeExplosively(FrameworkMethod.java:47)
	at org.junit.internal.runners.statements.InvokeMethod.evaluate(InvokeMethod.java:17)
	at org.junit.internal.runners.statements.RunBefores.evaluate(RunBefores.java:26)
	at org.junit.runners.ParentRunner.runLeaf(ParentRunner.java:325)
	at org.junit.runners.BlockJUnit4ClassRunner.runChild(BlockJUnit4ClassRunner.java:78)
	at org.junit.runners.BlockJUnit4ClassRunner.runChild(BlockJUnit4ClassRunner.java:57)
	at org.junit.runners.ParentRunner$3.run(ParentRunner.java:290)
	at org.junit.runners.ParentRunner$1.schedule(ParentRunner.java:71)
	at org.junit.runners.ParentRunner.runChildren(ParentRunner.java:288)
	at org.junit.runners.ParentRunner.access$000(ParentRunner.java:58)
	at org.junit.runners.ParentRunner$2.evaluate(ParentRunner.java:268)
	at org.junit.runners.ParentRunner.run(ParentRunner.java:363)
	at org.junit.runner.JUnitCore.run(JUnitCore.java:137)
	at com.intellij.junit4.JUnit4IdeaTestRunner.startRunnerWithArgs(JUnit4IdeaTestRunner.java:68)
	at com.intellij.rt.execution.junit.IdeaTestRunner$Repeater.startRunnerWithArgs(IdeaTestRunner.java:47)
	at com.intellij.rt.execution.junit.JUnitStarter.prepareStreamsAndStart(JUnitStarter.java:242)
	at com.intellij.rt.execution.junit.JUnitStarter.main(JUnitStarter.java:70)
Caused by: java.io.FileNotFoundException: F:\Git Repository\pls\pls\2018\10\01 01:33:23 (文件名、目录名或卷标语法不正确。)
	at java.io.FileInputStream.open0(Native Method)
	at java.io.FileInputStream.open(FileInputStream.java:195)
	at java.io.FileInputStream.<init>(FileInputStream.java:138)
	at java.io.FileInputStream.<init>(FileInputStream.java:93)
	at com.jcraft.jsch.ChannelSftp.put(ChannelSftp.java:474)
	... 26 more
DEBUG main top.macaulish.pls.kits.SFTPKits - change dir to /home/yidong.hu/sftp
 INFO main top.macaulish.pls.kits.SFTPKits - sftp session connected to 192.168.9.19:22
 INFO main top.macaulish.pls.kits.SFTPKits - opening channel
 INFO main top.macaulish.pls.kits.SFTPKits - sftp connected successfully
 DEBUG main top.macaulish.pls.kits.SFTPKits - change dir to /home/yidong.hu
 ERROR main top.macaulish.pls.kits.SFTPKits - failed to create directory
 4: Failure
	at com.jcraft.jsch.ChannelSftp.throwStatusError(ChannelSftp.java:2873)
	at com.jcraft.jsch.ChannelSftp.mkdir(ChannelSftp.java:2182)
	at top.macaulish.pls.kits.SFTPKits.mkDir(SFTPKits.kt:212)
	at top.macaulish.pls.TestSFTPKits.testUploadAndDownload(TestSFTPKits.kt:55)
	at sun.reflect.NativeMethodAccessorImpl.invoke0(Native Method)
	at sun.reflect.NativeMethodAccessorImpl.invoke(NativeMethodAccessorImpl.java:62)
	at sun.reflect.DelegatingMethodAccessorImpl.invoke(DelegatingMethodAccessorImpl.java:43)
	at java.lang.reflect.Method.invoke(Method.java:498)
	at org.junit.runners.model.FrameworkMethod$1.runReflectiveCall(FrameworkMethod.java:50)
	at org.junit.internal.runners.model.ReflectiveCallable.run(ReflectiveCallable.java:12)
	at org.junit.runners.model.FrameworkMethod.invokeExplosively(FrameworkMethod.java:47)
	at org.junit.internal.runners.statements.InvokeMethod.evaluate(InvokeMethod.java:17)
	at org.junit.internal.runners.statements.RunBefores.evaluate(RunBefores.java:26)
	at org.junit.runners.ParentRunner.runLeaf(ParentRunner.java:325)
	at org.junit.runners.BlockJUnit4ClassRunner.runChild(BlockJUnit4ClassRunner.java:78)
	at org.junit.runners.BlockJUnit4ClassRunner.runChild(BlockJUnit4ClassRunner.java:57)
	at org.junit.runners.ParentRunner$3.run(ParentRunner.java:290)
	at org.junit.runners.ParentRunner$1.schedule(ParentRunner.java:71)
	at org.junit.runners.ParentRunner.runChildren(ParentRunner.java:288)
	at org.junit.runners.ParentRunner.access$000(ParentRunner.java:58)
	at org.junit.runners.ParentRunner$2.evaluate(ParentRunner.java:268)
	at org.junit.runners.ParentRunner.run(ParentRunner.java:363)
	at org.junit.runner.JUnitCore.run(JUnitCore.java:137)
	at com.intellij.junit4.JUnit4IdeaTestRunner.startRunnerWithArgs(JUnit4IdeaTestRunner.java:68)
	at com.intellij.rt.execution.junit.IdeaTestRunner$Repeater.startRunnerWithArgs(IdeaTestRunner.java:47)
	at com.intellij.rt.execution.junit.JUnitStarter.prepareStreamsAndStart(JUnitStarter.java:242)
	at com.intellij.rt.execution.junit.JUnitStarter.main(JUnitStarter.java:70)
DEBUG main top.macaulish.pls.kits.SFTPKits - change dir to sftp
 DEBUG main top.macaulish.pls.kits.SFTPKits - change dir to /home/yidong.hu/sftp
 DEBUG main top.macaulish.pls.kits.SFTPKits - upload file 321.txt to /home/yidong.hu/sftp/321.txt successfully
 DEBUG main top.macaulish.pls.kits.SFTPKits - change dir to /home/yidong.hu/sftp
 DEBUG main top.macaulish.pls.kits.SFTPKits - change dir to /home/yidong.hu/sftp
 DEBUG main top.macaulish.pls.kits.SFTPKits - change dir to /home/yidong.hu/sftp
 INFO main top.macaulish.pls.kits.SFTPKits - sftp session connected to 192.168.9.19:22
 INFO main top.macaulish.pls.kits.SFTPKits - opening channel
 INFO main top.macaulish.pls.kits.SFTPKits - sftp connected successfully
 DEBUG main top.macaulish.pls.kits.SFTPKits - change dir to /home/yidong.hu
 ERROR main top.macaulish.pls.kits.SFTPKits - failed to create directory
 4: Failure
	at com.jcraft.jsch.ChannelSftp.throwStatusError(ChannelSftp.java:2873)
	at com.jcraft.jsch.ChannelSftp.mkdir(ChannelSftp.java:2182)
	at top.macaulish.pls.kits.SFTPKits.mkDir(SFTPKits.kt:212)
	at top.macaulish.pls.TestSFTPKits.testUploadAndDownload(TestSFTPKits.kt:55)
	at sun.reflect.NativeMethodAccessorImpl.invoke0(Native Method)
	at sun.reflect.NativeMethodAccessorImpl.invoke(NativeMethodAccessorImpl.java:62)
	at sun.reflect.DelegatingMethodAccessorImpl.invoke(DelegatingMethodAccessorImpl.java:43)
	at java.lang.reflect.Method.invoke(Method.java:498)
	at org.junit.runners.model.FrameworkMethod$1.runReflectiveCall(FrameworkMethod.java:50)
	at org.junit.internal.runners.model.ReflectiveCallable.run(ReflectiveCallable.java:12)
	at org.junit.runners.model.FrameworkMethod.invokeExplosively(FrameworkMethod.java:47)
	at org.junit.internal.runners.statements.InvokeMethod.evaluate(InvokeMethod.java:17)
	at org.junit.internal.runners.statements.RunBefores.evaluate(RunBefores.java:26)
	at org.junit.runners.ParentRunner.runLeaf(ParentRunner.java:325)
	at org.junit.runners.BlockJUnit4ClassRunner.runChild(BlockJUnit4ClassRunner.java:78)
	at org.junit.runners.BlockJUnit4ClassRunner.runChild(BlockJUnit4ClassRunner.java:57)
	at org.junit.runners.ParentRunner$3.run(ParentRunner.java:290)
	at org.junit.runners.ParentRunner$1.schedule(ParentRunner.java:71)
	at org.junit.runners.ParentRunner.runChildren(ParentRunner.java:288)
	at org.junit.runners.ParentRunner.access$000(ParentRunner.java:58)
	at org.junit.runners.ParentRunner$2.evaluate(ParentRunner.java:268)
	at org.junit.runners.ParentRunner.run(ParentRunner.java:363)
	at org.junit.runner.JUnitCore.run(JUnitCore.java:137)
	at com.intellij.junit4.JUnit4IdeaTestRunner.startRunnerWithArgs(JUnit4IdeaTestRunner.java:68)
	at com.intellij.rt.execution.junit.IdeaTestRunner$Repeater.startRunnerWithArgs(IdeaTestRunner.java:47)
	at com.intellij.rt.execution.junit.JUnitStarter.prepareStreamsAndStart(JUnitStarter.java:242)
	at com.intellij.rt.execution.junit.JUnitStarter.main(JUnitStarter.java:70)
DEBUG main top.macaulish.pls.kits.SFTPKits - change dir to sftp
 DEBUG main top.macaulish.pls.kits.SFTPKits - change dir to /home/yidong.hu/sftp
 DEBUG main top.macaulish.pls.kits.SFTPKits - upload file 321.txt to /home/yidong.hu/sftp/321.txt successfully
 DEBUG main top.macaulish.pls.kits.SFTPKits - change dir to /home/yidong.hu/sftp
 DEBUG main top.macaulish.pls.kits.SFTPKits - change dir to /home/yidong.hu/sftp
 DEBUG main top.macaulish.pls.kits.SFTPKits - change dir to /home/yidong.hu/sftp
 INFO main top.macaulish.pls.kits.SFTPKits - sftp session connected to 192.168.9.19:22
 INFO main top.macaulish.pls.kits.SFTPKits - opening channel
 INFO main top.macaulish.pls.kits.SFTPKits - sftp connected successfully
 DEBUG main top.macaulish.pls.kits.SFTPKits - change dir to /home/yidong.hu
 ERROR main top.macaulish.pls.kits.SFTPKits - failed to create directory
 4: Failure
	at com.jcraft.jsch.ChannelSftp.throwStatusError(ChannelSftp.java:2873)
	at com.jcraft.jsch.ChannelSftp.mkdir(ChannelSftp.java:2182)
	at top.macaulish.pls.kits.SFTPKits.mkDir(SFTPKits.kt:212)
	at top.macaulish.pls.TestSFTPKits.testUploadAndDownload(TestSFTPKits.kt:55)
	at sun.reflect.NativeMethodAccessorImpl.invoke0(Native Method)
	at sun.reflect.NativeMethodAccessorImpl.invoke(NativeMethodAccessorImpl.java:62)
	at sun.reflect.DelegatingMethodAccessorImpl.invoke(DelegatingMethodAccessorImpl.java:43)
	at java.lang.reflect.Method.invoke(Method.java:498)
	at org.junit.runners.model.FrameworkMethod$1.runReflectiveCall(FrameworkMethod.java:50)
	at org.junit.internal.runners.model.ReflectiveCallable.run(ReflectiveCallable.java:12)
	at org.junit.runners.model.FrameworkMethod.invokeExplosively(FrameworkMethod.java:47)
	at org.junit.internal.runners.statements.InvokeMethod.evaluate(InvokeMethod.java:17)
	at org.junit.internal.runners.statements.RunBefores.evaluate(RunBefores.java:26)
	at org.junit.runners.ParentRunner.runLeaf(ParentRunner.java:325)
	at org.junit.runners.BlockJUnit4ClassRunner.runChild(BlockJUnit4ClassRunner.java:78)
	at org.junit.runners.BlockJUnit4ClassRunner.runChild(BlockJUnit4ClassRunner.java:57)
	at org.junit.runners.ParentRunner$3.run(ParentRunner.java:290)
	at org.junit.runners.ParentRunner$1.schedule(ParentRunner.java:71)
	at org.junit.runners.ParentRunner.runChildren(ParentRunner.java:288)
	at org.junit.runners.ParentRunner.access$000(ParentRunner.java:58)
	at org.junit.runners.ParentRunner$2.evaluate(ParentRunner.java:268)
	at org.junit.runners.ParentRunner.run(ParentRunner.java:363)
	at org.junit.runner.JUnitCore.run(JUnitCore.java:137)
	at com.intellij.junit4.JUnit4IdeaTestRunner.startRunnerWithArgs(JUnit4IdeaTestRunner.java:68)
	at com.intellij.rt.execution.junit.IdeaTestRunner$Repeater.startRunnerWithArgs(IdeaTestRunner.java:47)
	at com.intellij.rt.execution.junit.JUnitStarter.prepareStreamsAndStart(JUnitStarter.java:242)
	at com.intellij.rt.execution.junit.JUnitStarter.main(JUnitStarter.java:70)
DEBUG main top.macaulish.pls.kits.SFTPKits - change dir to sftp
 DEBUG main top.macaulish.pls.kits.SFTPKits - change dir to /home/yidong.hu/sftp
 DEBUG main top.macaulish.pls.kits.SFTPKits - upload file 321.txt to /home/yidong.hu/sftp/321.txt successfully
 DEBUG main top.macaulish.pls.kits.SFTPKits - change dir to /home/yidong.hu/sftp
 DEBUG main top.macaulish.pls.kits.SFTPKits - change dir to /home/yidong.hu/sftp
 DEBUG main top.macaulish.pls.kits.SFTPKits - change dir to /home/yidong.hu/sftp
 INFO main top.macaulish.pls.kits.SFTPKits - sftp session connected to 192.168.9.19:22
 INFO main top.macaulish.pls.kits.SFTPKits - opening channel
 INFO main top.macaulish.pls.kits.SFTPKits - sftp connected successfully
 INFO main top.macaulish.pls.kits.SFTPKits - sftp session connected to 192.168.9.19:22
 INFO main top.macaulish.pls.kits.SFTPKits - opening channel
 INFO main top.macaulish.pls.kits.SFTPKits - sftp connected successfully
 DEBUG main top.macaulish.pls.kits.SFTPKits - change dir to /usr/lib
 DEBUG main top.macaulish.pls.kits.SFTPKits - change dir to /home/yidong.hu
 INFO main top.macaulish.pls.kits.SFTPKits - sftp session connected to 192.168.9.19:22
 INFO main top.macaulish.pls.kits.SFTPKits - opening channel
 INFO main top.macaulish.pls.kits.SFTPKits - sftp connected successfully
 DEBUG main top.macaulish.pls.kits.SFTPKits - change dir to /usr/lib
 DEBUG main top.macaulish.pls.kits.SFTPKits - change dir to /home/yidong.hu
 INFO main top.macaulish.pls.kits.SFTPKits - sftp session connected to 192.168.9.19:22
 INFO main top.macaulish.pls.kits.SFTPKits - opening channel
 INFO main top.macaulish.pls.kits.SFTPKits - sftp connected successfully
 DEBUG main top.macaulish.pls.kits.SFTPKits - change dir to /usr/lib
 DEBUG main top.macaulish.pls.kits.SFTPKits - change dir to /home/yidong.hu
 DEBUG main top.macaulish.pls.kits.SFTPKits - change dir to /usr/lib
 INFO main top.macaulish.pls.kits.SFTPKits - sftp session connected to 192.168.9.19:22
 INFO main top.macaulish.pls.kits.SFTPKits - opening channel
 INFO main top.macaulish.pls.kits.SFTPKits - sftp connected successfully
 INFO main top.macaulish.pls.kits.SFTPKits - parent dir = /usr/lib,file = /libevm.so
 DEBUG main top.macaulish.pls.kits.SFTPKits - change dir to /usr/lib
 DEBUG main top.macaulish.pls.kits.SFTPKits - change dir to /home/yidong.hu
 DEBUG main top.macaulish.pls.kits.SFTPKits - change dir to /usr/lib
 INFO main top.macaulish.pls.kits.SFTPKits - sftp session connected to 192.168.9.19:22
 INFO main top.macaulish.pls.kits.SFTPKits - opening channel
 INFO main top.macaulish.pls.kits.SFTPKits - sftp connected successfully
 DEBUG main top.macaulish.pls.kits.SFTPKits - change dir to /usr/lib
 DEBUG main top.macaulish.pls.kits.SFTPKits - change dir to /home/yidong.hu
 DEBUG main top.macaulish.pls.kits.SFTPKits - change dir to /usr/lib
 INFO main top.macaulish.pls.kits.SFTPKits - sftp session connected to 192.168.9.19:22
 INFO main top.macaulish.pls.kits.SFTPKits - opening channel
 INFO main top.macaulish.pls.kits.SFTPKits - sftp connected successfully
 DEBUG main top.macaulish.pls.kits.SFTPKits - change dir to /usr/lib
 DEBUG main top.macaulish.pls.kits.SFTPKits - change dir to /home/yidong.hu
 DEBUG main top.macaulish.pls.kits.SFTPKits - change dir to /usr/lib
 DEBUG main top.macaulish.pls.kits.SFTPKits - change dir to .
 DEBUG main top.macaulish.pls.kits.SFTPKits - change dir to ..
 